<?xml version="1.0" encoding="UTF-8"?>
<testsuite xmlns:xsi="http://www.w3.org/2001/XMLSchema-instance" xsi:noNamespaceSchemaLocation="https://maven.apache.org/surefire/maven-surefire-plugin/xsd/surefire-test-report.xsd" name="org.test.canal.CucumberTest" time="5.711" tests="2" errors="0" skipped="0" failures="0">
  <properties>
[...]
</properties>
  <testcase name="Modification de l&apos;adresse d&apos;un abonné résidant en France sans ou avec date d&apos;effet" classname="Modifier l&apos;adresse d&apos;un abonné" time="0.128"/>
  <testcase name="Modification de l&apos;adresse d&apos;un abonné résidant en France sans ou avec date d&apos;effet" classname="Modifier l&apos;adresse d&apos;un abonné" time="0.005"/>
</testsuite>